<?xml version="1.0" encoding="UTF-8"?>
<!-- Generated by org.testng.reporters.JUnitReportReporter -->
<testsuite hostname="MSI" failures="0" tests="1" name="qa.test.TestCase1" time="10.940" errors="0" timestamp="2025-04-02T09:29:43 IST" skipped="0">
  <testcase classname="qa.test.TestCase1" name="sampleMethodforEnteringCredentials" time="10.940"/>
</testsuite> <!-- qa.test.TestCase1 -->
