<?xml version="1.0" encoding="UTF-8"?>
<!-- Generated by org.testng.reporters.JUnitReportReporter -->
<testsuite hostname="MSI" failures="0" tests="2" name="qa.test.TestCase1" time="21.588" errors="0" timestamp="2025-04-02T09:56:07 IST" skipped="0">
  <testcase classname="qa.test.TestCase1" name="sampleMethodforUI1" time="10.373"/>
  <testcase classname="qa.test.TestCase1" name="sampleMethodforUI2" time="11.215"/>
</testsuite> <!-- qa.test.TestCase1 -->
