<?xml version="1.0" encoding="UTF-8"?>
<!-- Generated by org.testng.reporters.JUnitReportReporter -->
<testsuite hostname="MSI" failures="0" tests="1" name="qa.test.TestCase1" time="15.289" errors="0" timestamp="2024-07-06T15:25:21 IST" skipped="0">
  <testcase classname="qa.test.TestCase1" name="sampleMethodforEnteringCredentials" time="15.289"/>
</testsuite> <!-- qa.test.TestCase1 -->
